07-18 12:55:34 com_github_MitjaNemec_PlaceFootprints.action_place_footprints 378:Plugin executed on: 'win32'
07-18 12:55:34 com_github_MitjaNemec_PlaceFootprints.action_place_footprints 379:Plugin executed with python version: '3.9.10 (main, Feb 11 2022, 04:18:11) [MSC v.1928 64 bit (AMD64)]'
07-18 12:55:34 com_github_MitjaNemec_PlaceFootprints.action_place_footprints 380:KiCad build version: (6.0.2)
07-18 12:55:34 com_github_MitjaNemec_PlaceFootprints.action_place_footprints 381:Plugin version: 1.2.5
07-18 12:55:34 com_github_MitjaNemec_PlaceFootprints.action_place_footprints 382:Frame repr: <wx._core.Frame object at 0x0000024B22DEE5E0>
07-18 12:55:34 com_github_MitjaNemec_PlaceFootprints.place_footprints 121:getting a list of all footprints on board
07-18 12:55:34 com_github_MitjaNemec_PlaceFootprints.place_footprints 148:Footprint R5 on root level
07-18 12:55:34 com_github_MitjaNemec_PlaceFootprints.place_footprints 148:Footprint X1 on root level
07-18 12:55:34 com_github_MitjaNemec_PlaceFootprints.place_footprints 133:Footprint  does not have Sheetfile property, it will not be considered for placement. Most likely it is only in layout
07-18 12:55:34 com_github_MitjaNemec_PlaceFootprints.place_footprints 148:Footprint JP3 on root level
07-18 12:55:34 com_github_MitjaNemec_PlaceFootprints.place_footprints 133:Footprint G*** does not have Sheetfile property, it will not be considered for placement. Most likely it is only in layout
07-18 12:55:34 com_github_MitjaNemec_PlaceFootprints.place_footprints 133:Footprint  does not have Sheetfile property, it will not be considered for placement. Most likely it is only in layout
07-18 12:55:34 com_github_MitjaNemec_PlaceFootprints.place_footprints 133:Footprint G*** does not have Sheetfile property, it will not be considered for placement. Most likely it is only in layout
07-18 12:55:34 com_github_MitjaNemec_PlaceFootprints.place_footprints 133:Footprint G*** does not have Sheetfile property, it will not be considered for placement. Most likely it is only in layout
07-18 12:55:34 com_github_MitjaNemec_PlaceFootprints.place_footprints 133:Footprint  does not have Sheetfile property, it will not be considered for placement. Most likely it is only in layout
07-18 12:55:34 com_github_MitjaNemec_PlaceFootprints.place_footprints 148:Footprint C3 on root level
07-18 12:55:34 com_github_MitjaNemec_PlaceFootprints.place_footprints 148:Footprint C2 on root level
07-18 12:55:34 com_github_MitjaNemec_PlaceFootprints.place_footprints 148:Footprint FD1 on root level
07-18 12:55:34 com_github_MitjaNemec_PlaceFootprints.place_footprints 148:Footprint C5 on root level
07-18 12:55:34 com_github_MitjaNemec_PlaceFootprints.place_footprints 148:Footprint H2 on root level
07-18 12:55:34 com_github_MitjaNemec_PlaceFootprints.place_footprints 133:Footprint  does not have Sheetfile property, it will not be considered for placement. Most likely it is only in layout
07-18 12:55:34 com_github_MitjaNemec_PlaceFootprints.place_footprints 133:Footprint G*** does not have Sheetfile property, it will not be considered for placement. Most likely it is only in layout
07-18 12:55:34 com_github_MitjaNemec_PlaceFootprints.place_footprints 148:Footprint JP2 on root level
07-18 12:55:34 com_github_MitjaNemec_PlaceFootprints.place_footprints 148:Footprint D2 on root level
07-18 12:55:34 com_github_MitjaNemec_PlaceFootprints.place_footprints 148:Footprint C1 on root level
07-18 12:55:34 com_github_MitjaNemec_PlaceFootprints.place_footprints 148:Footprint R6 on root level
07-18 12:55:34 com_github_MitjaNemec_PlaceFootprints.place_footprints 133:Footprint  does not have Sheetfile property, it will not be considered for placement. Most likely it is only in layout
07-18 12:55:34 com_github_MitjaNemec_PlaceFootprints.place_footprints 148:Footprint U3 on root level
07-18 12:55:34 com_github_MitjaNemec_PlaceFootprints.place_footprints 133:Footprint  does not have Sheetfile property, it will not be considered for placement. Most likely it is only in layout
07-18 12:55:34 com_github_MitjaNemec_PlaceFootprints.place_footprints 148:Footprint R4 on root level
07-18 12:55:34 com_github_MitjaNemec_PlaceFootprints.place_footprints 133:Footprint  does not have Sheetfile property, it will not be considered for placement. Most likely it is only in layout
07-18 12:55:34 com_github_MitjaNemec_PlaceFootprints.place_footprints 133:Footprint  does not have Sheetfile property, it will not be considered for placement. Most likely it is only in layout
07-18 12:55:34 com_github_MitjaNemec_PlaceFootprints.place_footprints 133:Footprint  does not have Sheetfile property, it will not be considered for placement. Most likely it is only in layout
07-18 12:55:34 com_github_MitjaNemec_PlaceFootprints.place_footprints 148:Footprint R1 on root level
07-18 12:55:34 com_github_MitjaNemec_PlaceFootprints.place_footprints 148:Footprint H1 on root level
07-18 12:55:34 com_github_MitjaNemec_PlaceFootprints.place_footprints 133:Footprint  does not have Sheetfile property, it will not be considered for placement. Most likely it is only in layout
07-18 12:55:34 com_github_MitjaNemec_PlaceFootprints.place_footprints 148:Footprint C4 on root level
07-18 12:55:34 com_github_MitjaNemec_PlaceFootprints.place_footprints 148:Footprint R3 on root level
07-18 12:55:34 com_github_MitjaNemec_PlaceFootprints.place_footprints 133:Footprint  does not have Sheetfile property, it will not be considered for placement. Most likely it is only in layout
07-18 12:55:34 com_github_MitjaNemec_PlaceFootprints.place_footprints 148:Footprint K4 on root level
07-18 12:55:34 com_github_MitjaNemec_PlaceFootprints.place_footprints 148:Footprint D1 on root level
07-18 12:55:34 com_github_MitjaNemec_PlaceFootprints.place_footprints 133:Footprint G*** does not have Sheetfile property, it will not be considered for placement. Most likely it is only in layout
07-18 12:55:34 com_github_MitjaNemec_PlaceFootprints.place_footprints 133:Footprint G*** does not have Sheetfile property, it will not be considered for placement. Most likely it is only in layout
07-18 12:55:34 com_github_MitjaNemec_PlaceFootprints.place_footprints 133:Footprint  does not have Sheetfile property, it will not be considered for placement. Most likely it is only in layout
07-18 12:55:34 com_github_MitjaNemec_PlaceFootprints.place_footprints 148:Footprint JP1 on root level
07-18 12:55:34 com_github_MitjaNemec_PlaceFootprints.place_footprints 148:Footprint U1 on root level
07-18 12:55:34 com_github_MitjaNemec_PlaceFootprints.place_footprints 148:Footprint K3 on root level
07-18 12:55:34 com_github_MitjaNemec_PlaceFootprints.place_footprints 148:Footprint R2 on root level
07-18 12:55:34 com_github_MitjaNemec_PlaceFootprints.place_footprints 148:Footprint U2 on root level
07-18 12:55:34 com_github_MitjaNemec_PlaceFootprints.place_footprints 133:Footprint  does not have Sheetfile property, it will not be considered for placement. Most likely it is only in layout
07-18 12:55:34 com_github_MitjaNemec_PlaceFootprints.place_footprints 133:Footprint REF** does not have Sheetfile property, it will not be considered for placement. Most likely it is only in layout
07-18 12:55:34 com_github_MitjaNemec_PlaceFootprints.place_footprints 148:Footprint K5 on root level
07-18 12:55:34 com_github_MitjaNemec_PlaceFootprints.place_footprints 133:Footprint REF** does not have Sheetfile property, it will not be considered for placement. Most likely it is only in layout
07-18 12:55:34 com_github_MitjaNemec_PlaceFootprints.place_footprints 148:Footprint K1 on root level
07-18 12:55:34 com_github_MitjaNemec_PlaceFootprints.place_footprints 148:Footprint FD2 on root level
07-18 12:55:34 com_github_MitjaNemec_PlaceFootprints.place_footprints 133:Footprint  does not have Sheetfile property, it will not be considered for placement. Most likely it is only in layout
07-18 12:55:34 com_github_MitjaNemec_PlaceFootprints.place_footprints 148:Footprint K2 on root level
07-18 12:55:34 com_github_MitjaNemec_PlaceFootprints.place_footprints 148:Footprint JP4 on root level
07-18 12:55:36 com_github_MitjaNemec_PlaceFootprints.action_place_footprints 570:Reference designator is: R
07-18 12:55:36 com_github_MitjaNemec_PlaceFootprints.action_place_footprints 571:Reference number is: 3
07-18 12:55:36 com_github_MitjaNemec_PlaceFootprints.action_place_footprints 603:Sorted and filtered list:
['R1', 'R2', 'R3', 'R4', 'R5', 'R6']
07-18 12:55:41 com_github_MitjaNemec_PlaceFootprints.action_place_footprints 641:Footprints to place:
['R1', 'R2', 'R3', 'R4', 'R5', 'R6']
07-18 12:55:41 com_github_MitjaNemec_PlaceFootprints.place_footprints 296:Starting placing with linear layout
07-18 12:55:41 com_github_MitjaNemec_PlaceFootprints.action_place_footprints 685:Placing complete
